<?xml version="1.0" encoding="UTF-8"?>
<!-- Generated by org.testng.reporters.JUnitXMLReporter -->
<testsuite ignored="20" hostname="ISTHYDPC66" failures="0" tests="1" name="Default test" time="55.659" errors="0" timestamp="2024-03-06T15:53:01 IST">
  <testcase classname="testCases.TestCases" name="configuration" time="40.046"/>
  <testcase classname="testCases.TestCases" name="admin_Users" time="0.0">
    <ignored/>
  </testcase> <!-- admin_Users -->
  <testcase classname="testCases.TestCases" name="Reports_LiveData" time="0.0">
    <ignored/>
  </testcase> <!-- Reports_LiveData -->
  <testcase classname="testCases.TestCases" name="admin_usersLog" time="0.0">
    <ignored/>
  </testcase> <!-- admin_usersLog -->
  <testcase classname="testCases.TestCases" name="AQMloginAccessTest" time="0.0">
    <ignored/>
  </testcase> <!-- AQMloginAccessTest -->
  <testcase classname="testCases.TestCases" name="Reports_PredefinedCharts" time="0.0">
    <ignored/>
  </testcase> <!-- Reports_PredefinedCharts -->
  <testcase classname="testCases.TestCases" name="admin_addusers" time="0.0">
    <ignored/>
  </testcase> <!-- admin_addusers -->
  <testcase classname="testCases.TestCases" name="configuration_Grouping" time="0.0">
    <ignored/>
  </testcase> <!-- configuration_Grouping -->
  <testcase classname="testCases.TestCases" name="Reports_DataValidation" time="0.0">
    <ignored/>
  </testcase> <!-- Reports_DataValidation -->
  <testcase classname="testCases.TestCases" name="Config_Device" time="0.0">
    <ignored/>
  </testcase> <!-- Config_Device -->
  <testcase classname="testCases.TestCases" name="Reports_StatisticalReports" time="0.0">
    <ignored/>
  </testcase> <!-- Reports_StatisticalReports -->
  <testcase classname="testCases.TestCases" name="admin_UserGroup" time="0.0">
    <ignored/>
  </testcase> <!-- admin_UserGroup -->
  <testcase classname="testCases.TestCases" name="Reports_DetailedAnalysisReports" time="0.0">
    <ignored/>
  </testcase> <!-- Reports_DetailedAnalysisReports -->
  <testcase classname="testCases.TestCases" name="Reports_ExceedenceReport" time="0.0">
    <ignored/>
  </testcase> <!-- Reports_ExceedenceReport -->
  <testcase classname="testCases.TestCases" name="admin_createNewGroup" time="0.0">
    <ignored/>
  </testcase> <!-- admin_createNewGroup -->
  <testcase classname="testCases.TestCases" name="configuration_parameter" time="0.0">
    <ignored/>
  </testcase> <!-- configuration_parameter -->
  <testcase classname="testCases.TestCases" name="configuration_Grouping_AddGroup" time="0.0">
    <ignored/>
  </testcase> <!-- configuration_Grouping_AddGroup -->
  <testcase classname="testCases.TestCases" name="Reports_DataBrowsing" time="0.0">
    <ignored/>
  </testcase> <!-- Reports_DataBrowsing -->
  <testcase classname="testCases.TestCases" name="admin_ApplicationLog" time="0.0">
    <ignored/>
  </testcase> <!-- admin_ApplicationLog -->
  <testcase classname="testCases.TestCases" name="Reports_WindRose" time="0.0">
    <ignored/>
  </testcase> <!-- Reports_WindRose -->
  <testcase classname="testCases.TestCases" name="sideBarDashboard" time="0.0">
    <ignored/>
  </testcase> <!-- sideBarDashboard -->
</testsuite> <!-- Default test -->
