<?xml version="1.0" encoding="UTF-8"?>
<!-- Generated by org.testng.reporters.JUnitXMLReporter -->
<testsuite ignored="0" hostname="ISTHYDPC66" failures="0" tests="21" name="Test" time="727.656" errors="0" timestamp="2024-03-15T13:50:11 IST">
  <testcase classname="testCases.TestCases" name="AQMloginAccessTest" time="9.066"/>
  <testcase classname="testCases.TestCases" name="sideBarDashboard" time="26.096"/>
  <testcase classname="testCases.TestCases" name="configuration" time="44.802"/>
  <testcase classname="testCases.TestCases" name="Config_Device" time="26.835"/>
  <testcase classname="testCases.TestCases" name="configuration_parameter" time="19.608"/>
  <testcase classname="testCases.TestCases" name="configuration_Grouping" time="14.205"/>
  <testcase classname="testCases.TestCases" name="configuration_Grouping_AddGroup" time="13.4"/>
  <testcase classname="testCases.TestCases" name="admin_Users" time="9.507"/>
  <testcase classname="testCases.TestCases" name="admin_addusers" time="9.803"/>
  <testcase classname="testCases.TestCases" name="admin_usersLog" time="19.483"/>
  <testcase classname="testCases.TestCases" name="admin_ApplicationLog" time="15.853"/>
  <testcase classname="testCases.TestCases" name="admin_UserGroup" time="15.84"/>
  <testcase classname="testCases.TestCases" name="admin_createNewGroup" time="12.03"/>
  <testcase classname="testCases.TestCases" name="Reports_PredefinedCharts" time="31.071"/>
  <testcase classname="testCases.TestCases" name="Reports_DetailedAnalysisReports" time="29.163"/>
  <testcase classname="testCases.TestCases" name="Reports_StatisticalReports" time="30.7"/>
  <testcase classname="testCases.TestCases" name="Reports_ExceedenceReport" time="22.51"/>
  <testcase classname="testCases.TestCases" name="Reports_WindRose" time="23.338"/>
  <testcase classname="testCases.TestCases" name="Reports_DataValidation" time="29.867"/>
  <testcase classname="testCases.TestCases" name="Reports_LiveData" time="55.013"/>
  <testcase classname="testCases.TestCases" name="Reports_DataBrowsing" time="14.398"/>
</testsuite> <!-- Test -->
