<?xml version="1.0" encoding="UTF-8"?>
<!-- Generated by org.testng.reporters.JUnitXMLReporter -->
<testsuite ignored="0" hostname="ISTHYDPC66" failures="0" tests="21" name="Test" time="1104.339" errors="0" timestamp="2024-03-06T16:11:47 IST">
  <testcase classname="testCases.TestCases" name="AQMloginAccessTest" time="13.09"/>
  <testcase classname="testCases.TestCases" name="sideBarDashboard" time="25.484"/>
  <testcase classname="testCases.TestCases" name="configuration" time="40.534"/>
  <testcase classname="testCases.TestCases" name="Config_Device" time="29.458"/>
  <testcase classname="testCases.TestCases" name="configuration_parameter" time="22.97"/>
  <testcase classname="testCases.TestCases" name="configuration_Grouping" time="22.793"/>
  <testcase classname="testCases.TestCases" name="configuration_Grouping_AddGroup" time="16.015"/>
  <testcase classname="testCases.TestCases" name="admin_Users" time="14.182"/>
  <testcase classname="testCases.TestCases" name="admin_addusers" time="12.454"/>
  <testcase classname="testCases.TestCases" name="admin_usersLog" time="21.988"/>
  <testcase classname="testCases.TestCases" name="admin_ApplicationLog" time="18.473"/>
  <testcase classname="testCases.TestCases" name="admin_UserGroup" time="26.017"/>
  <testcase classname="testCases.TestCases" name="admin_createNewGroup" time="25.493"/>
  <testcase classname="testCases.TestCases" name="Reports_PredefinedCharts" time="50.728"/>
  <testcase classname="testCases.TestCases" name="Reports_DetailedAnalysisReports" time="37.029"/>
  <testcase classname="testCases.TestCases" name="Reports_StatisticalReports" time="31.283"/>
  <testcase classname="testCases.TestCases" name="Reports_ExceedenceReport" time="27.099"/>
  <testcase classname="testCases.TestCases" name="Reports_WindRose" time="28.039"/>
  <testcase classname="testCases.TestCases" name="Reports_DataValidation" time="42.036"/>
  <testcase classname="testCases.TestCases" name="Reports_LiveData" time="67.396"/>
  <testcase classname="testCases.TestCases" name="Reports_DataBrowsing" time="20.546"/>
</testsuite> <!-- Test -->
