<?xml version="1.0" encoding="UTF-8"?>
<testng-results ignored="0" total="21" passed="21" failed="0" skipped="0">
  <reporter-output>
  </reporter-output>
  <suite started-at="2024-03-06T15:53:23 IST" name="Suite" finished-at="2024-03-06T16:11:47 IST" duration-ms="1104339">
    <groups>
    </groups>
    <test started-at="2024-03-06T15:53:23 IST" name="Test" finished-at="2024-03-06T16:11:47 IST" duration-ms="1104339">
      <class name="testCases.TestCases">
        <test-method is-config="true" signature="start()[pri:0, instance:testCases.TestCases@13d9b21f]" started-at="2024-03-06T15:53:23 IST" name="start" finished-at="2024-03-06T15:53:23 IST" duration-ms="63" status="PASS">
          <reporter-output>
          </reporter-output>
        </test-method> <!-- start -->
        <test-method is-config="true" signature="setUp()[pri:0, instance:testCases.TestCases@13d9b21f]" started-at="2024-03-06T15:53:23 IST" name="setUp" finished-at="2024-03-06T15:53:41 IST" duration-ms="17769" status="PASS">
          <reporter-output>
          </reporter-output>
        </test-method> <!-- setUp -->
        <test-method signature="AQMloginAccessTest()[pri:1, instance:testCases.TestCases@13d9b21f]" started-at="2024-03-06T15:53:41 IST" name="AQMloginAccessTest" finished-at="2024-03-06T15:53:54 IST" duration-ms="13090" status="PASS">
          <reporter-output>
          </reporter-output>
        </test-method> <!-- AQMloginAccessTest -->
        <test-method is-config="true" signature="TakeDown()[pri:0, instance:testCases.TestCases@13d9b21f]" started-at="2024-03-06T15:53:54 IST" name="TakeDown" finished-at="2024-03-06T15:53:54 IST" duration-ms="176" status="PASS">
          <reporter-output>
          </reporter-output>
        </test-method> <!-- TakeDown -->
        <test-method is-config="true" signature="setUp()[pri:0, instance:testCases.TestCases@13d9b21f]" started-at="2024-03-06T15:53:54 IST" name="setUp" finished-at="2024-03-06T15:54:18 IST" duration-ms="24247" status="PASS">
          <reporter-output>
          </reporter-output>
        </test-method> <!-- setUp -->
        <test-method signature="sideBarDashboard()[pri:2, instance:testCases.TestCases@13d9b21f]" started-at="2024-03-06T15:54:18 IST" name="sideBarDashboard" finished-at="2024-03-06T15:54:44 IST" duration-ms="25484" status="PASS">
          <reporter-output>
          </reporter-output>
        </test-method> <!-- sideBarDashboard -->
        <test-method is-config="true" signature="TakeDown()[pri:0, instance:testCases.TestCases@13d9b21f]" started-at="2024-03-06T15:54:44 IST" name="TakeDown" finished-at="2024-03-06T15:54:44 IST" duration-ms="241" status="PASS">
          <reporter-output>
          </reporter-output>
        </test-method> <!-- TakeDown -->
        <test-method is-config="true" signature="setUp()[pri:0, instance:testCases.TestCases@13d9b21f]" started-at="2024-03-06T15:54:44 IST" name="setUp" finished-at="2024-03-06T15:55:15 IST" duration-ms="31035" status="PASS">
          <reporter-output>
          </reporter-output>
        </test-method> <!-- setUp -->
        <test-method signature="configuration()[pri:3, instance:testCases.TestCases@13d9b21f]" started-at="2024-03-06T15:55:15 IST" name="configuration" finished-at="2024-03-06T15:55:56 IST" duration-ms="40534" status="PASS">
          <reporter-output>
          </reporter-output>
        </test-method> <!-- configuration -->
        <test-method is-config="true" signature="TakeDown()[pri:0, instance:testCases.TestCases@13d9b21f]" started-at="2024-03-06T15:55:56 IST" name="TakeDown" finished-at="2024-03-06T15:55:56 IST" duration-ms="244" status="PASS">
          <reporter-output>
          </reporter-output>
        </test-method> <!-- TakeDown -->
        <test-method is-config="true" signature="setUp()[pri:0, instance:testCases.TestCases@13d9b21f]" started-at="2024-03-06T15:55:56 IST" name="setUp" finished-at="2024-03-06T15:56:13 IST" duration-ms="17490" status="PASS">
          <reporter-output>
          </reporter-output>
        </test-method> <!-- setUp -->
        <test-method signature="Config_Device()[pri:4, instance:testCases.TestCases@13d9b21f]" started-at="2024-03-06T15:56:13 IST" name="Config_Device" finished-at="2024-03-06T15:56:43 IST" duration-ms="29458" status="PASS">
          <reporter-output>
          </reporter-output>
        </test-method> <!-- Config_Device -->
        <test-method is-config="true" signature="TakeDown()[pri:0, instance:testCases.TestCases@13d9b21f]" started-at="2024-03-06T15:56:43 IST" name="TakeDown" finished-at="2024-03-06T15:56:43 IST" duration-ms="248" status="PASS">
          <reporter-output>
          </reporter-output>
        </test-method> <!-- TakeDown -->
        <test-method is-config="true" signature="setUp()[pri:0, instance:testCases.TestCases@13d9b21f]" started-at="2024-03-06T15:56:43 IST" name="setUp" finished-at="2024-03-06T15:56:58 IST" duration-ms="14959" status="PASS">
          <reporter-output>
          </reporter-output>
        </test-method> <!-- setUp -->
        <test-method signature="configuration_parameter()[pri:5, instance:testCases.TestCases@13d9b21f]" started-at="2024-03-06T15:56:58 IST" name="configuration_parameter" finished-at="2024-03-06T15:57:21 IST" duration-ms="22970" status="PASS">
          <reporter-output>
          </reporter-output>
        </test-method> <!-- configuration_parameter -->
        <test-method is-config="true" signature="TakeDown()[pri:0, instance:testCases.TestCases@13d9b21f]" started-at="2024-03-06T15:57:21 IST" name="TakeDown" finished-at="2024-03-06T15:57:21 IST" duration-ms="244" status="PASS">
          <reporter-output>
          </reporter-output>
        </test-method> <!-- TakeDown -->
        <test-method is-config="true" signature="setUp()[pri:0, instance:testCases.TestCases@13d9b21f]" started-at="2024-03-06T15:57:21 IST" name="setUp" finished-at="2024-03-06T15:57:45 IST" duration-ms="23573" status="PASS">
          <reporter-output>
          </reporter-output>
        </test-method> <!-- setUp -->
        <test-method signature="configuration_Grouping()[pri:6, instance:testCases.TestCases@13d9b21f]" started-at="2024-03-06T15:57:45 IST" name="configuration_Grouping" finished-at="2024-03-06T15:58:08 IST" duration-ms="22793" status="PASS">
          <reporter-output>
          </reporter-output>
        </test-method> <!-- configuration_Grouping -->
        <test-method is-config="true" signature="TakeDown()[pri:0, instance:testCases.TestCases@13d9b21f]" started-at="2024-03-06T15:58:08 IST" name="TakeDown" finished-at="2024-03-06T15:58:08 IST" duration-ms="248" status="PASS">
          <reporter-output>
          </reporter-output>
        </test-method> <!-- TakeDown -->
        <test-method is-config="true" signature="setUp()[pri:0, instance:testCases.TestCases@13d9b21f]" started-at="2024-03-06T15:58:08 IST" name="setUp" finished-at="2024-03-06T15:58:30 IST" duration-ms="22157" status="PASS">
          <reporter-output>
          </reporter-output>
        </test-method> <!-- setUp -->
        <test-method signature="configuration_Grouping_AddGroup()[pri:7, instance:testCases.TestCases@13d9b21f]" started-at="2024-03-06T15:58:30 IST" name="configuration_Grouping_AddGroup" finished-at="2024-03-06T15:58:46 IST" duration-ms="16015" status="PASS">
          <reporter-output>
          </reporter-output>
        </test-method> <!-- configuration_Grouping_AddGroup -->
        <test-method is-config="true" signature="TakeDown()[pri:0, instance:testCases.TestCases@13d9b21f]" started-at="2024-03-06T15:58:46 IST" name="TakeDown" finished-at="2024-03-06T15:58:46 IST" duration-ms="193" status="PASS">
          <reporter-output>
          </reporter-output>
        </test-method> <!-- TakeDown -->
        <test-method is-config="true" signature="setUp()[pri:0, instance:testCases.TestCases@13d9b21f]" started-at="2024-03-06T15:58:46 IST" name="setUp" finished-at="2024-03-06T15:59:08 IST" duration-ms="22100" status="PASS">
          <reporter-output>
          </reporter-output>
        </test-method> <!-- setUp -->
        <test-method signature="admin_Users()[pri:8, instance:testCases.TestCases@13d9b21f]" started-at="2024-03-06T15:59:08 IST" name="admin_Users" finished-at="2024-03-06T15:59:23 IST" duration-ms="14182" status="PASS">
          <reporter-output>
          </reporter-output>
        </test-method> <!-- admin_Users -->
        <test-method is-config="true" signature="TakeDown()[pri:0, instance:testCases.TestCases@13d9b21f]" started-at="2024-03-06T15:59:23 IST" name="TakeDown" finished-at="2024-03-06T15:59:23 IST" duration-ms="255" status="PASS">
          <reporter-output>
          </reporter-output>
        </test-method> <!-- TakeDown -->
        <test-method is-config="true" signature="setUp()[pri:0, instance:testCases.TestCases@13d9b21f]" started-at="2024-03-06T15:59:23 IST" name="setUp" finished-at="2024-03-06T15:59:39 IST" duration-ms="16006" status="PASS">
          <reporter-output>
          </reporter-output>
        </test-method> <!-- setUp -->
        <test-method signature="admin_addusers()[pri:9, instance:testCases.TestCases@13d9b21f]" started-at="2024-03-06T15:59:39 IST" name="admin_addusers" finished-at="2024-03-06T15:59:51 IST" duration-ms="12454" status="PASS">
          <reporter-output>
          </reporter-output>
        </test-method> <!-- admin_addusers -->
        <test-method is-config="true" signature="TakeDown()[pri:0, instance:testCases.TestCases@13d9b21f]" started-at="2024-03-06T15:59:51 IST" name="TakeDown" finished-at="2024-03-06T15:59:52 IST" duration-ms="256" status="PASS">
          <reporter-output>
          </reporter-output>
        </test-method> <!-- TakeDown -->
        <test-method is-config="true" signature="setUp()[pri:0, instance:testCases.TestCases@13d9b21f]" started-at="2024-03-06T15:59:52 IST" name="setUp" finished-at="2024-03-06T16:00:04 IST" duration-ms="12456" status="PASS">
          <reporter-output>
          </reporter-output>
        </test-method> <!-- setUp -->
        <test-method signature="admin_usersLog()[pri:10, instance:testCases.TestCases@13d9b21f]" started-at="2024-03-06T16:00:04 IST" name="admin_usersLog" finished-at="2024-03-06T16:00:26 IST" duration-ms="21988" status="PASS">
          <reporter-output>
          </reporter-output>
        </test-method> <!-- admin_usersLog -->
        <test-method is-config="true" signature="TakeDown()[pri:0, instance:testCases.TestCases@13d9b21f]" started-at="2024-03-06T16:00:26 IST" name="TakeDown" finished-at="2024-03-06T16:00:26 IST" duration-ms="245" status="PASS">
          <reporter-output>
          </reporter-output>
        </test-method> <!-- TakeDown -->
        <test-method is-config="true" signature="setUp()[pri:0, instance:testCases.TestCases@13d9b21f]" started-at="2024-03-06T16:00:26 IST" name="setUp" finished-at="2024-03-06T16:00:52 IST" duration-ms="25582" status="PASS">
          <reporter-output>
          </reporter-output>
        </test-method> <!-- setUp -->
        <test-method signature="admin_ApplicationLog()[pri:11, instance:testCases.TestCases@13d9b21f]" started-at="2024-03-06T16:00:52 IST" name="admin_ApplicationLog" finished-at="2024-03-06T16:01:10 IST" duration-ms="18473" status="PASS">
          <reporter-output>
          </reporter-output>
        </test-method> <!-- admin_ApplicationLog -->
        <test-method is-config="true" signature="TakeDown()[pri:0, instance:testCases.TestCases@13d9b21f]" started-at="2024-03-06T16:01:10 IST" name="TakeDown" finished-at="2024-03-06T16:01:11 IST" duration-ms="250" status="PASS">
          <reporter-output>
          </reporter-output>
        </test-method> <!-- TakeDown -->
        <test-method is-config="true" signature="setUp()[pri:0, instance:testCases.TestCases@13d9b21f]" started-at="2024-03-06T16:01:11 IST" name="setUp" finished-at="2024-03-06T16:01:38 IST" duration-ms="27795" status="PASS">
          <reporter-output>
          </reporter-output>
        </test-method> <!-- setUp -->
        <test-method signature="admin_UserGroup()[pri:12, instance:testCases.TestCases@13d9b21f]" started-at="2024-03-06T16:01:38 IST" name="admin_UserGroup" finished-at="2024-03-06T16:02:04 IST" duration-ms="26017" status="PASS">
          <reporter-output>
          </reporter-output>
        </test-method> <!-- admin_UserGroup -->
        <test-method is-config="true" signature="TakeDown()[pri:0, instance:testCases.TestCases@13d9b21f]" started-at="2024-03-06T16:02:04 IST" name="TakeDown" finished-at="2024-03-06T16:02:05 IST" duration-ms="303" status="PASS">
          <reporter-output>
          </reporter-output>
        </test-method> <!-- TakeDown -->
        <test-method is-config="true" signature="setUp()[pri:0, instance:testCases.TestCases@13d9b21f]" started-at="2024-03-06T16:02:05 IST" name="setUp" finished-at="2024-03-06T16:02:37 IST" duration-ms="31860" status="PASS">
          <reporter-output>
          </reporter-output>
        </test-method> <!-- setUp -->
        <test-method signature="admin_createNewGroup()[pri:13, instance:testCases.TestCases@13d9b21f]" started-at="2024-03-06T16:02:37 IST" name="admin_createNewGroup" finished-at="2024-03-06T16:03:02 IST" duration-ms="25493" status="PASS">
          <reporter-output>
          </reporter-output>
        </test-method> <!-- admin_createNewGroup -->
        <test-method is-config="true" signature="TakeDown()[pri:0, instance:testCases.TestCases@13d9b21f]" started-at="2024-03-06T16:03:02 IST" name="TakeDown" finished-at="2024-03-06T16:03:02 IST" duration-ms="251" status="PASS">
          <reporter-output>
          </reporter-output>
        </test-method> <!-- TakeDown -->
        <test-method is-config="true" signature="setUp()[pri:0, instance:testCases.TestCases@13d9b21f]" started-at="2024-03-06T16:03:02 IST" name="setUp" finished-at="2024-03-06T16:03:50 IST" duration-ms="47448" status="PASS">
          <reporter-output>
          </reporter-output>
        </test-method> <!-- setUp -->
        <test-method signature="Reports_PredefinedCharts()[pri:14, instance:testCases.TestCases@13d9b21f]" started-at="2024-03-06T16:03:50 IST" name="Reports_PredefinedCharts" finished-at="2024-03-06T16:04:40 IST" duration-ms="50728" status="PASS">
          <reporter-output>
          </reporter-output>
        </test-method> <!-- Reports_PredefinedCharts -->
        <test-method is-config="true" signature="TakeDown()[pri:0, instance:testCases.TestCases@13d9b21f]" started-at="2024-03-06T16:04:40 IST" name="TakeDown" finished-at="2024-03-06T16:04:41 IST" duration-ms="303" status="PASS">
          <reporter-output>
          </reporter-output>
        </test-method> <!-- TakeDown -->
        <test-method is-config="true" signature="setUp()[pri:0, instance:testCases.TestCases@13d9b21f]" started-at="2024-03-06T16:04:41 IST" name="setUp" finished-at="2024-03-06T16:05:01 IST" duration-ms="20295" status="PASS">
          <reporter-output>
          </reporter-output>
        </test-method> <!-- setUp -->
        <test-method signature="Reports_DetailedAnalysisReports()[pri:15, instance:testCases.TestCases@13d9b21f]" started-at="2024-03-06T16:05:01 IST" name="Reports_DetailedAnalysisReports" finished-at="2024-03-06T16:05:38 IST" duration-ms="37029" status="PASS">
          <reporter-output>
          </reporter-output>
        </test-method> <!-- Reports_DetailedAnalysisReports -->
        <test-method is-config="true" signature="TakeDown()[pri:0, instance:testCases.TestCases@13d9b21f]" started-at="2024-03-06T16:05:38 IST" name="TakeDown" finished-at="2024-03-06T16:05:39 IST" duration-ms="459" status="PASS">
          <reporter-output>
          </reporter-output>
        </test-method> <!-- TakeDown -->
        <test-method is-config="true" signature="setUp()[pri:0, instance:testCases.TestCases@13d9b21f]" started-at="2024-03-06T16:05:39 IST" name="setUp" finished-at="2024-03-06T16:06:00 IST" duration-ms="21014" status="PASS">
          <reporter-output>
          </reporter-output>
        </test-method> <!-- setUp -->
        <test-method signature="Reports_StatisticalReports()[pri:16, instance:testCases.TestCases@13d9b21f]" started-at="2024-03-06T16:06:00 IST" name="Reports_StatisticalReports" finished-at="2024-03-06T16:06:31 IST" duration-ms="31283" status="PASS">
          <reporter-output>
          </reporter-output>
        </test-method> <!-- Reports_StatisticalReports -->
        <test-method is-config="true" signature="TakeDown()[pri:0, instance:testCases.TestCases@13d9b21f]" started-at="2024-03-06T16:06:31 IST" name="TakeDown" finished-at="2024-03-06T16:06:31 IST" duration-ms="447" status="PASS">
          <reporter-output>
          </reporter-output>
        </test-method> <!-- TakeDown -->
        <test-method is-config="true" signature="setUp()[pri:0, instance:testCases.TestCases@13d9b21f]" started-at="2024-03-06T16:06:31 IST" name="setUp" finished-at="2024-03-06T16:06:58 IST" duration-ms="26215" status="PASS">
          <reporter-output>
          </reporter-output>
        </test-method> <!-- setUp -->
        <test-method signature="Reports_ExceedenceReport()[pri:17, instance:testCases.TestCases@13d9b21f]" started-at="2024-03-06T16:06:58 IST" name="Reports_ExceedenceReport" finished-at="2024-03-06T16:07:25 IST" duration-ms="27099" status="PASS">
          <reporter-output>
          </reporter-output>
        </test-method> <!-- Reports_ExceedenceReport -->
        <test-method is-config="true" signature="TakeDown()[pri:0, instance:testCases.TestCases@13d9b21f]" started-at="2024-03-06T16:07:25 IST" name="TakeDown" finished-at="2024-03-06T16:07:25 IST" duration-ms="432" status="PASS">
          <reporter-output>
          </reporter-output>
        </test-method> <!-- TakeDown -->
        <test-method is-config="true" signature="setUp()[pri:0, instance:testCases.TestCases@13d9b21f]" started-at="2024-03-06T16:07:25 IST" name="setUp" finished-at="2024-03-06T16:07:49 IST" duration-ms="23414" status="PASS">
          <reporter-output>
          </reporter-output>
        </test-method> <!-- setUp -->
        <test-method signature="Reports_WindRose()[pri:17, instance:testCases.TestCases@13d9b21f]" started-at="2024-03-06T16:07:49 IST" name="Reports_WindRose" finished-at="2024-03-06T16:08:17 IST" duration-ms="28039" status="PASS">
          <reporter-output>
          </reporter-output>
        </test-method> <!-- Reports_WindRose -->
        <test-method is-config="true" signature="TakeDown()[pri:0, instance:testCases.TestCases@13d9b21f]" started-at="2024-03-06T16:08:17 IST" name="TakeDown" finished-at="2024-03-06T16:08:17 IST" duration-ms="465" status="PASS">
          <reporter-output>
          </reporter-output>
        </test-method> <!-- TakeDown -->
        <test-method is-config="true" signature="setUp()[pri:0, instance:testCases.TestCases@13d9b21f]" started-at="2024-03-06T16:08:17 IST" name="setUp" finished-at="2024-03-06T16:08:47 IST" duration-ms="30150" status="PASS">
          <reporter-output>
          </reporter-output>
        </test-method> <!-- setUp -->
        <test-method signature="Reports_DataValidation()[pri:18, instance:testCases.TestCases@13d9b21f]" started-at="2024-03-06T16:08:47 IST" name="Reports_DataValidation" finished-at="2024-03-06T16:09:29 IST" duration-ms="42036" status="PASS">
          <reporter-output>
          </reporter-output>
        </test-method> <!-- Reports_DataValidation -->
        <test-method is-config="true" signature="TakeDown()[pri:0, instance:testCases.TestCases@13d9b21f]" started-at="2024-03-06T16:09:29 IST" name="TakeDown" finished-at="2024-03-06T16:09:30 IST" duration-ms="435" status="PASS">
          <reporter-output>
          </reporter-output>
        </test-method> <!-- TakeDown -->
        <test-method is-config="true" signature="setUp()[pri:0, instance:testCases.TestCases@13d9b21f]" started-at="2024-03-06T16:09:30 IST" name="setUp" finished-at="2024-03-06T16:09:58 IST" duration-ms="28854" status="PASS">
          <reporter-output>
          </reporter-output>
        </test-method> <!-- setUp -->
        <test-method signature="Reports_LiveData()[pri:18, instance:testCases.TestCases@13d9b21f]" started-at="2024-03-06T16:09:58 IST" name="Reports_LiveData" finished-at="2024-03-06T16:11:06 IST" duration-ms="67396" status="PASS">
          <reporter-output>
          </reporter-output>
        </test-method> <!-- Reports_LiveData -->
        <test-method is-config="true" signature="TakeDown()[pri:0, instance:testCases.TestCases@13d9b21f]" started-at="2024-03-06T16:11:06 IST" name="TakeDown" finished-at="2024-03-06T16:11:06 IST" duration-ms="378" status="PASS">
          <reporter-output>
          </reporter-output>
        </test-method> <!-- TakeDown -->
        <test-method is-config="true" signature="setUp()[pri:0, instance:testCases.TestCases@13d9b21f]" started-at="2024-03-06T16:11:06 IST" name="setUp" finished-at="2024-03-06T16:11:26 IST" duration-ms="20154" status="PASS">
          <reporter-output>
          </reporter-output>
        </test-method> <!-- setUp -->
        <test-method signature="Reports_DataBrowsing()[pri:19, instance:testCases.TestCases@13d9b21f]" started-at="2024-03-06T16:11:26 IST" name="Reports_DataBrowsing" finished-at="2024-03-06T16:11:47 IST" duration-ms="20546" status="PASS">
          <reporter-output>
          </reporter-output>
        </test-method> <!-- Reports_DataBrowsing -->
        <test-method is-config="true" signature="TakeDown()[pri:0, instance:testCases.TestCases@13d9b21f]" started-at="2024-03-06T16:11:47 IST" name="TakeDown" finished-at="2024-03-06T16:11:47 IST" duration-ms="430" status="PASS">
          <reporter-output>
          </reporter-output>
        </test-method> <!-- TakeDown -->
        <test-method is-config="true" signature="stop()[pri:0, instance:testCases.TestCases@13d9b21f]" started-at="2024-03-06T16:11:47 IST" name="stop" finished-at="2024-03-06T16:11:47 IST" duration-ms="1" status="PASS">
          <reporter-output>
          </reporter-output>
        </test-method> <!-- stop -->
      </class> <!-- testCases.TestCases -->
    </test> <!-- Test -->
  </suite> <!-- Suite -->
</testng-results>
